<?xml version="1.0" encoding="UTF-8"?>
<!-- Generated by org.testng.reporters.JUnitXMLReporter -->
<testsuite ignored="0" hostname="LAPTOP-M4JVQ32U" failures="0" tests="4" name="Default test" time="12.779" errors="0" timestamp="2023-11-27T11:34:19 IST">
  <testcase classname="OrangeHRMApplicationTestCases.OrangeHRM_HomepageTest" name="validatingWelcomeAdminFunctionalityTest" time="1.677"/>
  <testcase classname="OrangeHRMApplicationTestCases.OrangeHRM_HomepageTest" name="ValidatingOrangeHRMHomePageLogoTest" time="1.44"/>
  <testcase classname="OrangeHRMApplicationTestCases.OrangeHRM_HomepageTest" name="ValidatingOrangeHRMHomePageTextTest" time="1.459"/>
  <testcase classname="OrangeHRMApplicationTestCases.OrangeHRM_HomepageTest" name="ValidatingOrangeHRMHomePageAdminElementTest" time="1.587"/>
</testsuite> <!-- Default test -->
