<?xml version="1.0" encoding="UTF-8"?>
<!-- Generated by org.testng.reporters.JUnitXMLReporter -->
<testsuite ignored="0" hostname="LAPTOP-M4JVQ32U" failures="0" tests="4" name="Default test" time="24.057" errors="0" timestamp="2023-11-30T16:53:44 IST">
  <testcase classname="com.ExcelOperation.TestNGEmployeeList" name="Loginpage" time="2.096"/>
  <testcase classname="com.ExcelOperation.TestNGEmployeeList" name="PIMEmployeeList" time="1.589"/>
  <testcase classname="com.ExcelOperation.TestNGEmployeeList" name="EmployeeDetails" time="17.434"/>
  <testcase classname="com.ExcelOperation.TestNGEmployeeList" name="LogOut" time="0.842"/>
</testsuite> <!-- Default test -->
