<?xml version="1.0" encoding="UTF-8"?>
<testng-results ignored="0" total="6" passed="6" failed="0" skipped="0">
  <reporter-output>
  </reporter-output>
  <suite started-at="2023-11-23T09:57:00 IST" name="Default suite" finished-at="2023-11-23T09:58:18 IST" duration-ms="78365">
    <groups>
    </groups>
    <test started-at="2023-11-23T09:57:00 IST" name="Default test" finished-at="2023-11-23T09:58:18 IST" duration-ms="78365">
      <class name="OrangeHRMTestNGScripts.TestNGAddEmployee">
        <test-method is-config="true" signature="setup()[pri:0, instance:OrangeHRMTestNGScripts.TestNGAddEmployee@581ac8a8]" started-at="2023-11-23T09:57:00 IST" name="setup" finished-at="2023-11-23T09:57:03 IST" duration-ms="3118" status="PASS">
          <reporter-output>
          </reporter-output>
        </test-method> <!-- setup -->
        <test-method signature="LoginPanelText()[pri:1, instance:OrangeHRMTestNGScripts.TestNGAddEmployee@581ac8a8]" started-at="2023-11-23T09:57:03 IST" name="LoginPanelText" description=" Validating OrangeHrm LoginPage Using Loginpanel Text" finished-at="2023-11-23T09:57:04 IST" duration-ms="709" status="PASS">
          <reporter-output>
          </reporter-output>
        </test-method> <!-- LoginPanelText -->
        <test-method signature="LoginPageTitle()[pri:2, instance:OrangeHRMTestNGScripts.TestNGAddEmployee@581ac8a8]" started-at="2023-11-23T09:57:04 IST" name="LoginPageTitle" description=" Validating OrangeHrm LoginPage Using Login page title" finished-at="2023-11-23T09:57:04 IST" duration-ms="103" status="PASS">
          <reporter-output>
          </reporter-output>
        </test-method> <!-- LoginPageTitle -->
        <test-method signature="HomePageValidation()[pri:3, instance:OrangeHRMTestNGScripts.TestNGAddEmployee@581ac8a8]" started-at="2023-11-23T09:57:04 IST" name="HomePageValidation" description=" Validating OrangeHrm Home Page Using Admin Text" finished-at="2023-11-23T09:57:06 IST" duration-ms="1981" status="PASS">
          <reporter-output>
          </reporter-output>
        </test-method> <!-- HomePageValidation -->
        <test-method signature="PImelement()[pri:4, instance:OrangeHRMTestNGScripts.TestNGAddEmployee@581ac8a8]" started-at="2023-11-23T09:57:06 IST" name="PImelement" description=" Perform operation on PIm alement in Home page" finished-at="2023-11-23T09:57:08 IST" duration-ms="1957" status="PASS">
          <reporter-output>
          </reporter-output>
        </test-method> <!-- PImelement -->
        <test-method signature="AddEmployeeDetails()[pri:5, instance:OrangeHRMTestNGScripts.TestNGAddEmployee@581ac8a8]" started-at="2023-11-23T09:57:08 IST" name="AddEmployeeDetails" description="Adding Emplyoee Details and Validating Employee Details" finished-at="2023-11-23T09:58:17 IST" duration-ms="68961" status="PASS">
          <reporter-output>
          </reporter-output>
        </test-method> <!-- AddEmployeeDetails -->
        <test-method signature="LogOut()[pri:6, instance:OrangeHRMTestNGScripts.TestNGAddEmployee@581ac8a8]" started-at="2023-11-23T09:58:17 IST" name="LogOut" description=" Back to Login Page" finished-at="2023-11-23T09:58:18 IST" duration-ms="1003" status="PASS">
          <reporter-output>
          </reporter-output>
        </test-method> <!-- LogOut -->
        <test-method is-config="true" signature="TearDown()[pri:0, instance:OrangeHRMTestNGScripts.TestNGAddEmployee@581ac8a8]" started-at="2023-11-23T09:58:18 IST" name="TearDown" finished-at="2023-11-23T09:58:18 IST" duration-ms="349" status="PASS">
          <reporter-output>
          </reporter-output>
        </test-method> <!-- TearDown -->
      </class> <!-- OrangeHRMTestNGScripts.TestNGAddEmployee -->
    </test> <!-- Default test -->
  </suite> <!-- Default suite -->
</testng-results>
