<?xml version="1.0" encoding="UTF-8"?>
<!-- Generated by org.testng.reporters.JUnitXMLReporter -->
<testsuite ignored="0" hostname="LAPTOP-M4JVQ32U" failures="0" tests="6" name="Default test" time="78.365" errors="0" timestamp="2023-11-23T09:58:18 IST">
  <testcase classname="OrangeHRMTestNGScripts.TestNGAddEmployee" name="LoginPanelText" time="0.709"/>
  <testcase classname="OrangeHRMTestNGScripts.TestNGAddEmployee" name="LoginPageTitle" time="0.103"/>
  <testcase classname="OrangeHRMTestNGScripts.TestNGAddEmployee" name="HomePageValidation" time="1.981"/>
  <testcase classname="OrangeHRMTestNGScripts.TestNGAddEmployee" name="PImelement" time="1.957"/>
  <testcase classname="OrangeHRMTestNGScripts.TestNGAddEmployee" name="AddEmployeeDetails" time="68.961"/>
  <testcase classname="OrangeHRMTestNGScripts.TestNGAddEmployee" name="LogOut" time="1.003"/>
</testsuite> <!-- Default test -->
