<?xml version="1.0" encoding="UTF-8"?>
<!-- Generated by org.testng.reporters.JUnitXMLReporter -->
<testsuite ignored="0" hostname="LAPTOP-M4JVQ32U" failures="0" tests="4" name="HomePage" time="12.069" errors="0" timestamp="2023-11-27T11:49:30 IST">
  <testcase classname="OrangeHRMApplicationTestCases.OrangeHRM_HomepageTest" name="validatingWelcomeAdminFunctionalityTest" time="1.601"/>
  <testcase classname="OrangeHRMApplicationTestCases.OrangeHRM_HomepageTest" name="ValidatingOrangeHRMHomePageLogoTest" time="1.595"/>
  <testcase classname="OrangeHRMApplicationTestCases.OrangeHRM_HomepageTest" name="ValidatingOrangeHRMHomePageTextTest" time="1.566"/>
  <testcase classname="OrangeHRMApplicationTestCases.OrangeHRM_HomepageTest" name="ValidatingOrangeHRMHomePageAdminElementTest" time="1.477"/>
</testsuite> <!-- HomePage -->
