<?xml version="1.0" encoding="UTF-8"?>
<!-- Generated by org.testng.reporters.JUnitXMLReporter -->
<testsuite ignored="2" hostname="LAPTOP-M4JVQ32U" failures="1" tests="1" name="Default test(failed)" time="1.905" errors="0" timestamp="2023-11-26T12:04:10 IST">
  <testcase classname="OrangeHRMApplicationTestCases.OrangeHRM_LoginPageTest" name="ValidatingLogInFunctionality" time="0.009">
    <failure type="java.io.FileNotFoundException" message=".\OrangeHRMApplicationTestDataFiles\Multipledata.xlsx (The system cannot find the path specified)">
      <![CDATA[java.io.FileNotFoundException: .\OrangeHRMApplicationTestDataFiles\Multipledata.xlsx (The system cannot find the path specified)
at java.base/java.io.FileInputStream.open0(Native Method)
at java.base/java.io.FileInputStream.open(FileInputStream.java:216)
at java.base/java.io.FileInputStream.<init>(FileInputStream.java:157)
at java.base/java.io.FileInputStream.<init>(FileInputStream.java:111)
at com.utility.ExcelOperationMethodsMultipleData.getRowValue(ExcelOperationMethodsMultipleData.java:36)
at OrangeHRMApplicationTestCases.OrangeHRM_LoginPageTest.ValidatingLogInFunctionality(OrangeHRM_LoginPageTest.java:29)
at java.base/java.util.ArrayList.forEach(ArrayList.java:1511)
... Removed 27 stack frames]]>
    </failure>
  </testcase> <!-- ValidatingLogInFunctionality -->
  <testcase classname="OrangeHRMApplicationTestCases.OrangeHRM_LoginPageTest" name="validatingOrangeHRMApplicationLogInPageLogoTest" time="0.0">
    <ignored/>
  </testcase> <!-- validatingOrangeHRMApplicationLogInPageLogoTest -->
  <testcase classname="OrangeHRMApplicationTestCases.OrangeHRM_LoginPageTest" name="validatingLogInPanelTextTest" time="0.0">
    <ignored/>
  </testcase> <!-- validatingLogInPanelTextTest -->
</testsuite> <!-- Default test(failed) -->
